{"E:\\Local-Bc8\\src\\components\\atoms\\Avatar\\index.tsx": {"path":"E:\\Local-Bc8\\src\\components\\atoms\\Avatar\\index.tsx","statementMap":{"0":{"start":{"line":13,"column":20},"end":{"line":13,"column":36}},"1":{"start":{"line":14,"column":23},"end":{"line":14,"column":32}},"2":{"start":{"line":15,"column":22},"end":{"line":15,"column":30}},"3":{"start":{"line":16,"column":24},"end":{"line":16,"column":34}},"4":{"start":{"line":17,"column":23},"end":{"line":17,"column":32}},"5":{"start":{"line":19,"column":33},"end":{"line":33,"column":1}},"6":{"start":{"line":20,"column":2},"end":{"line":32,"column":4}}},"fnMap":{"0":{"name":"(anonymous_0)","decl":{"start":{"line":19,"column":33},"end":{"line":19,"column":34}},"loc":{"start":{"line":19,"column":66},"end":{"line":33,"column":1}},"line":19}},"branchMap":{"0":{"loc":{"start":{"line":19,"column":36},"end":{"line":19,"column":49}},"type":"default-arg","locations":[{"start":{"line":19,"column":43},"end":{"line":19,"column":49}}],"line":19}},"s":{"0":6,"1":6,"2":6,"3":6,"4":6,"5":6,"6":27},"f":{"0":27},"b":{"0":[3]},"_coverageSchema":"1a1c01bbd47fc00a2c39e90264f33305004495a9","hash":"130cb4c06bb80196ae31a6af6a251573c931cb67"}
,"E:\\Local-Bc8\\src\\components\\atoms\\Button\\index.tsx": {"path":"E:\\Local-Bc8\\src\\components\\atoms\\Button\\index.tsx","statementMap":{"0":{"start":{"line":4,"column":32},"end":{"line":22,"column":1}},"1":{"start":{"line":12,"column":2},"end":{"line":21,"column":4}}},"fnMap":{"0":{"name":"(anonymous_0)","decl":{"start":{"line":4,"column":32},"end":{"line":4,"column":33}},"loc":{"start":{"line":11,"column":6},"end":{"line":22,"column":1}},"line":11}},"branchMap":{},"s":{"0":4,"1":18},"f":{"0":18},"b":{},"_coverageSchema":"1a1c01bbd47fc00a2c39e90264f33305004495a9","hash":"e32e79f311045d2aa32b62388789330a00577de3"}
,"E:\\Local-Bc8\\src\\components\\atoms\\Chip\\index.tsx": {"path":"E:\\Local-Bc8\\src\\components\\atoms\\Chip\\index.tsx","statementMap":{"0":{"start":{"line":12,"column":34},"end":{"line":19,"column":1}},"1":{"start":{"line":13,"column":16},"end":{"line":17,"column":3}},"2":{"start":{"line":18,"column":2},"end":{"line":18,"column":67}}},"fnMap":{"0":{"name":"(anonymous_0)","decl":{"start":{"line":12,"column":34},"end":{"line":12,"column":35}},"loc":{"start":{"line":12,"column":85},"end":{"line":19,"column":1}},"line":12}},"branchMap":{},"s":{"0":1,"1":3,"2":3},"f":{"0":3},"b":{},"_coverageSchema":"1a1c01bbd47fc00a2c39e90264f33305004495a9","hash":"86cec7cc1e6a0cb0034efd7c55edd3c2fc27c439"}
,"E:\\Local-Bc8\\src\\components\\atoms\\DropDown\\index.tsx": {"path":"E:\\Local-Bc8\\src\\components\\atoms\\DropDown\\index.tsx","statementMap":{"0":{"start":{"line":12,"column":36},"end":{"line":42,"column":1}},"1":{"start":{"line":20,"column":23},"end":{"line":22,"column":3}},"2":{"start":{"line":21,"column":4},"end":{"line":21,"column":33}},"3":{"start":{"line":24,"column":2},"end":{"line":41,"column":4}},"4":{"start":{"line":35,"column":10},"end":{"line":37,"column":19}}},"fnMap":{"0":{"name":"(anonymous_0)","decl":{"start":{"line":12,"column":36},"end":{"line":12,"column":37}},"loc":{"start":{"line":19,"column":6},"end":{"line":42,"column":1}},"line":19},"1":{"name":"(anonymous_1)","decl":{"start":{"line":20,"column":23},"end":{"line":20,"column":24}},"loc":{"start":{"line":20,"column":72},"end":{"line":22,"column":3}},"line":20},"2":{"name":"(anonymous_2)","decl":{"start":{"line":34,"column":21},"end":{"line":34,"column":22}},"loc":{"start":{"line":35,"column":10},"end":{"line":37,"column":19}},"line":35}},"branchMap":{},"s":{"0":2,"1":5,"2":2,"3":5,"4":19},"f":{"0":5,"1":2,"2":19},"b":{},"_coverageSchema":"1a1c01bbd47fc00a2c39e90264f33305004495a9","hash":"d1bf0bdf63a64977805e11594742fae9bacf82e8"}
,"E:\\Local-Bc8\\src\\components\\atoms\\Icon\\index.tsx": {"path":"E:\\Local-Bc8\\src\\components\\atoms\\Icon\\index.tsx","statementMap":{"0":{"start":{"line":9,"column":34},"end":{"line":11,"column":1}},"1":{"start":{"line":10,"column":2},"end":{"line":10,"column":43}}},"fnMap":{"0":{"name":"(anonymous_0)","decl":{"start":{"line":9,"column":34},"end":{"line":9,"column":35}},"loc":{"start":{"line":10,"column":2},"end":{"line":10,"column":43}},"line":10}},"branchMap":{},"s":{"0":12,"1":103},"f":{"0":103},"b":{},"_coverageSchema":"1a1c01bbd47fc00a2c39e90264f33305004495a9","hash":"2205c869e9731409c58eb123153bd929dd28ccf7"}
,"E:\\Local-Bc8\\src\\components\\atoms\\Slider\\index.tsx": {"path":"E:\\Local-Bc8\\src\\components\\atoms\\Slider\\index.tsx","statementMap":{"0":{"start":{"line":6,"column":21},"end":{"line":18,"column":2}},"1":{"start":{"line":20,"column":32},"end":{"line":38,"column":1}},"2":{"start":{"line":28,"column":2},"end":{"line":37,"column":4}}},"fnMap":{"0":{"name":"(anonymous_0)","decl":{"start":{"line":20,"column":32},"end":{"line":20,"column":33}},"loc":{"start":{"line":27,"column":6},"end":{"line":38,"column":1}},"line":27}},"branchMap":{"0":{"loc":{"start":{"line":21,"column":2},"end":{"line":21,"column":26}},"type":"default-arg","locations":[{"start":{"line":21,"column":16},"end":{"line":21,"column":26}}],"line":21},"1":{"loc":{"start":{"line":22,"column":2},"end":{"line":25,"column":3}},"type":"default-arg","locations":[{"start":{"line":22,"column":7},"end":{"line":25,"column":3}}],"line":22}},"s":{"0":1,"1":1,"2":2},"f":{"0":2},"b":{"0":[2],"1":[2]},"_coverageSchema":"1a1c01bbd47fc00a2c39e90264f33305004495a9","hash":"534cc7a105d56547cbd75622e8a3f296ef8175b2"}
,"E:\\Local-Bc8\\src\\components\\atoms\\Tabs\\index.tsx": {"path":"E:\\Local-Bc8\\src\\components\\atoms\\Tabs\\index.tsx","statementMap":{"0":{"start":{"line":15,"column":24},"end":{"line":42,"column":1}},"1":{"start":{"line":16,"column":28},"end":{"line":16,"column":45}},"2":{"start":{"line":18,"column":23},"end":{"line":20,"column":3}},"3":{"start":{"line":19,"column":4},"end":{"line":19,"column":23}},"4":{"start":{"line":22,"column":2},"end":{"line":41,"column":4}},"5":{"start":{"line":26,"column":10},"end":{"line":26,"column":47}},"6":{"start":{"line":30,"column":8},"end":{"line":38,"column":14}}},"fnMap":{"0":{"name":"(anonymous_0)","decl":{"start":{"line":15,"column":24},"end":{"line":15,"column":25}},"loc":{"start":{"line":15,"column":35},"end":{"line":42,"column":1}},"line":15},"1":{"name":"(anonymous_1)","decl":{"start":{"line":18,"column":23},"end":{"line":18,"column":24}},"loc":{"start":{"line":18,"column":74},"end":{"line":20,"column":3}},"line":18},"2":{"name":"(anonymous_2)","decl":{"start":{"line":25,"column":24},"end":{"line":25,"column":25}},"loc":{"start":{"line":26,"column":10},"end":{"line":26,"column":47}},"line":26},"3":{"name":"(anonymous_3)","decl":{"start":{"line":29,"column":22},"end":{"line":29,"column":23}},"loc":{"start":{"line":30,"column":8},"end":{"line":38,"column":14}},"line":30}},"branchMap":{"0":{"loc":{"start":{"line":37,"column":11},"end":{"line":37,"column":68}},"type":"binary-expr","locations":[{"start":{"line":37,"column":11},"end":{"line":37,"column":26}},{"start":{"line":37,"column":30},"end":{"line":37,"column":68}}],"line":37}},"s":{"0":1,"1":4,"2":4,"3":1,"4":4,"5":16,"6":16},"f":{"0":4,"1":1,"2":16,"3":16},"b":{"0":[16,4]},"_coverageSchema":"1a1c01bbd47fc00a2c39e90264f33305004495a9","hash":"3397aac466242f5102d3ccbf5d7269b2c3678836"}
,"E:\\Local-Bc8\\src\\components\\atoms\\Typography\\index.tsx": {"path":"E:\\Local-Bc8\\src\\components\\atoms\\Typography\\index.tsx","statementMap":{"0":{"start":{"line":29,"column":46},"end":{"line":41,"column":1}},"1":{"start":{"line":36,"column":2},"end":{"line":40,"column":18}}},"fnMap":{"0":{"name":"(anonymous_0)","decl":{"start":{"line":29,"column":46},"end":{"line":29,"column":47}},"loc":{"start":{"line":36,"column":2},"end":{"line":40,"column":18}},"line":36}},"branchMap":{},"s":{"0":13,"1":207},"f":{"0":207},"b":{},"_coverageSchema":"1a1c01bbd47fc00a2c39e90264f33305004495a9","hash":"2ca7ae7301fcd4fa78d66a0d2ac30799cca2d832"}
,"E:\\Local-Bc8\\src\\components\\atoms\\inputfield\\index.tsx": {"path":"E:\\Local-Bc8\\src\\components\\atoms\\inputfield\\index.tsx","statementMap":{"0":{"start":{"line":19,"column":60},"end":{"line":38,"column":1}},"1":{"start":{"line":22,"column":57},"end":{"line":22,"column":62}},"2":{"start":{"line":23,"column":2},"end":{"line":37,"column":4}}},"fnMap":{"0":{"name":"(anonymous_0)","decl":{"start":{"line":19,"column":60},"end":{"line":19,"column":61}},"loc":{"start":{"line":21,"column":5},"end":{"line":38,"column":1}},"line":21}},"branchMap":{"0":{"loc":{"start":{"line":22,"column":10},"end":{"line":22,"column":40}},"type":"default-arg","locations":[{"start":{"line":22,"column":24},"end":{"line":22,"column":40}}],"line":22}},"s":{"0":2,"1":10,"2":9},"f":{"0":10},"b":{"0":[3]},"_coverageSchema":"1a1c01bbd47fc00a2c39e90264f33305004495a9","hash":"7de1f34b10a681340e93ce276fce966352cc3d09"}
,"E:\\Local-Bc8\\src\\components\\molecules\\AccountDropdown\\index.tsx": {"path":"E:\\Local-Bc8\\src\\components\\molecules\\AccountDropdown\\index.tsx","statementMap":{"0":{"start":{"line":13,"column":19},"end":{"line":22,"column":2}},"1":{"start":{"line":24,"column":56},"end":{"line":36,"column":1}},"2":{"start":{"line":25,"column":2},"end":{"line":35,"column":4}}},"fnMap":{"0":{"name":"(anonymous_0)","decl":{"start":{"line":24,"column":56},"end":{"line":24,"column":57}},"loc":{"start":{"line":24,"column":74},"end":{"line":36,"column":1}},"line":24}},"branchMap":{},"s":{"0":2,"1":2,"2":8},"f":{"0":8},"b":{},"_coverageSchema":"1a1c01bbd47fc00a2c39e90264f33305004495a9","hash":"a267e2594c7dc371bac26f61757600c57d9dc596"}
,"E:\\Local-Bc8\\src\\components\\molecules\\ColumnHeader\\index.tsx": {"path":"E:\\Local-Bc8\\src\\components\\molecules\\ColumnHeader\\index.tsx","statementMap":{"0":{"start":{"line":8,"column":25},"end":{"line":31,"column":1}},"1":{"start":{"line":9,"column":2},"end":{"line":30,"column":4}},"2":{"start":{"line":33,"column":25},"end":{"line":39,"column":2}},"3":{"start":{"line":40,"column":32},"end":{"line":42,"column":2}}},"fnMap":{"0":{"name":"(anonymous_0)","decl":{"start":{"line":8,"column":25},"end":{"line":8,"column":26}},"loc":{"start":{"line":8,"column":31},"end":{"line":31,"column":1}},"line":8}},"branchMap":{},"s":{"0":1,"1":2,"2":1,"3":1},"f":{"0":2},"b":{},"_coverageSchema":"1a1c01bbd47fc00a2c39e90264f33305004495a9","hash":"dbbdb38ec1d79abda3a6e1798e8abe24573c6ad7"}
,"E:\\Local-Bc8\\src\\components\\molecules\\CryptoCard\\index.tsx": {"path":"E:\\Local-Bc8\\src\\components\\molecules\\CryptoCard\\index.tsx","statementMap":{"0":{"start":{"line":16,"column":46},"end":{"line":88,"column":1}},"1":{"start":{"line":17,"column":38},"end":{"line":17,"column":53}},"2":{"start":{"line":19,"column":22},"end":{"line":21,"column":3}},"3":{"start":{"line":20,"column":4},"end":{"line":20,"column":31}},"4":{"start":{"line":23,"column":22},"end":{"line":23,"column":76}},"5":{"start":{"line":25,"column":21},"end":{"line":37,"column":4}},"6":{"start":{"line":39,"column":2},"end":{"line":87,"column":4}}},"fnMap":{"0":{"name":"(anonymous_0)","decl":{"start":{"line":16,"column":46},"end":{"line":16,"column":47}},"loc":{"start":{"line":16,"column":64},"end":{"line":88,"column":1}},"line":16},"1":{"name":"(anonymous_1)","decl":{"start":{"line":19,"column":22},"end":{"line":19,"column":23}},"loc":{"start":{"line":19,"column":28},"end":{"line":21,"column":3}},"line":19}},"branchMap":{"0":{"loc":{"start":{"line":23,"column":22},"end":{"line":23,"column":76}},"type":"cond-expr","locations":[{"start":{"line":23,"column":35},"end":{"line":23,"column":67}},{"start":{"line":23,"column":70},"end":{"line":23,"column":76}}],"line":23},"1":{"loc":{"start":{"line":42,"column":9},"end":{"line":47,"column":9}},"type":"binary-expr","locations":[{"start":{"line":42,"column":9},"end":{"line":42,"column":19}},{"start":{"line":43,"column":10},"end":{"line":46,"column":12}}],"line":42}},"s":{"0":1,"1":4,"2":4,"3":1,"4":4,"5":4,"6":4},"f":{"0":4,"1":1},"b":{"0":[1,3],"1":[4,1]},"_coverageSchema":"1a1c01bbd47fc00a2c39e90264f33305004495a9","hash":"b2475f959e8df208c9a2ef6262ff8dd1a8fa4351"}
,"E:\\Local-Bc8\\src\\components\\molecules\\Date\\index.tsx": {"path":"E:\\Local-Bc8\\src\\components\\molecules\\Date\\index.tsx","statementMap":{"0":{"start":{"line":11,"column":13},"end":{"line":28,"column":1}},"1":{"start":{"line":12,"column":2},"end":{"line":27,"column":4}}},"fnMap":{"0":{"name":"(anonymous_0)","decl":{"start":{"line":11,"column":13},"end":{"line":11,"column":14}},"loc":{"start":{"line":11,"column":35},"end":{"line":28,"column":1}},"line":11}},"branchMap":{},"s":{"0":3,"1":2},"f":{"0":2},"b":{},"_coverageSchema":"1a1c01bbd47fc00a2c39e90264f33305004495a9","hash":"40efd67f6b2847d8a92ff192d55e43aa2c710a8c"}
,"E:\\Local-Bc8\\src\\components\\molecules\\Dropdown-delivery\\index.tsx": {"path":"E:\\Local-Bc8\\src\\components\\molecules\\Dropdown-delivery\\index.tsx","statementMap":{"0":{"start":{"line":19,"column":32},"end":{"line":128,"column":1}},"1":{"start":{"line":20,"column":28},"end":{"line":20,"column":47}},"2":{"start":{"line":21,"column":23},"end":{"line":23,"column":3}},"3":{"start":{"line":22,"column":4},"end":{"line":22,"column":33}},"4":{"start":{"line":25,"column":2},"end":{"line":127,"column":4}},"5":{"start":{"line":34,"column":12},"end":{"line":80,"column":19}},"6":{"start":{"line":84,"column":12},"end":{"line":122,"column":23}}},"fnMap":{"0":{"name":"(anonymous_0)","decl":{"start":{"line":19,"column":32},"end":{"line":19,"column":33}},"loc":{"start":{"line":19,"column":66},"end":{"line":128,"column":1}},"line":19},"1":{"name":"(anonymous_1)","decl":{"start":{"line":21,"column":23},"end":{"line":21,"column":24}},"loc":{"start":{"line":21,"column":53},"end":{"line":23,"column":3}},"line":21},"2":{"name":"(anonymous_2)","decl":{"start":{"line":33,"column":23},"end":{"line":33,"column":24}},"loc":{"start":{"line":34,"column":12},"end":{"line":80,"column":19}},"line":34},"3":{"name":"(anonymous_3)","decl":{"start":{"line":83,"column":29},"end":{"line":83,"column":30}},"loc":{"start":{"line":84,"column":12},"end":{"line":122,"column":23}},"line":84}},"branchMap":{},"s":{"0":1,"1":1,"2":1,"3":0,"4":1,"5":3,"6":4},"f":{"0":1,"1":0,"2":3,"3":4},"b":{},"_coverageSchema":"1a1c01bbd47fc00a2c39e90264f33305004495a9","hash":"344b18a1604bc4131748993647b0188063e3934f"}
,"E:\\Local-Bc8\\src\\components\\molecules\\PaymentCards\\index.tsx": {"path":"E:\\Local-Bc8\\src\\components\\molecules\\PaymentCards\\index.tsx","statementMap":{"0":{"start":{"line":19,"column":37},"end":{"line":64,"column":1}},"1":{"start":{"line":20,"column":2},"end":{"line":63,"column":4}},"2":{"start":{"line":24,"column":10},"end":{"line":59,"column":18}}},"fnMap":{"0":{"name":"(anonymous_0)","decl":{"start":{"line":19,"column":37},"end":{"line":19,"column":38}},"loc":{"start":{"line":19,"column":48},"end":{"line":64,"column":1}},"line":19},"1":{"name":"(anonymous_1)","decl":{"start":{"line":23,"column":24},"end":{"line":23,"column":25}},"loc":{"start":{"line":24,"column":10},"end":{"line":59,"column":18}},"line":24}},"branchMap":{},"s":{"0":1,"1":2,"2":4},"f":{"0":2,"1":4},"b":{},"_coverageSchema":"1a1c01bbd47fc00a2c39e90264f33305004495a9","hash":"9bc78a5aeed839774554baa99af0939825b77f9d"}
,"E:\\Local-Bc8\\src\\components\\molecules\\ProductTracker\\index.tsx": {"path":"E:\\Local-Bc8\\src\\components\\molecules\\ProductTracker\\index.tsx","statementMap":{"0":{"start":{"line":24,"column":48},"end":{"line":49,"column":1}},"1":{"start":{"line":28,"column":2},"end":{"line":48,"column":4}},"2":{"start":{"line":51,"column":21},"end":{"line":54,"column":2}},"3":{"start":{"line":55,"column":19},"end":{"line":61,"column":2}},"4":{"start":{"line":62,"column":22},"end":{"line":66,"column":2}},"5":{"start":{"line":67,"column":16},"end":{"line":69,"column":2}},"6":{"start":{"line":70,"column":17},"end":{"line":72,"column":2}}},"fnMap":{"0":{"name":"(anonymous_0)","decl":{"start":{"line":24,"column":48},"end":{"line":24,"column":49}},"loc":{"start":{"line":27,"column":6},"end":{"line":49,"column":1}},"line":27}},"branchMap":{"0":{"loc":{"start":{"line":25,"column":2},"end":{"line":25,"column":14}},"type":"default-arg","locations":[{"start":{"line":25,"column":10},"end":{"line":25,"column":14}}],"line":25},"1":{"loc":{"start":{"line":33,"column":19},"end":{"line":33,"column":73}},"type":"cond-expr","locations":[{"start":{"line":33,"column":27},"end":{"line":33,"column":45}},{"start":{"line":33,"column":48},"end":{"line":33,"column":73}}],"line":33},"2":{"loc":{"start":{"line":35,"column":21},"end":{"line":35,"column":67}},"type":"cond-expr","locations":[{"start":{"line":35,"column":29},"end":{"line":35,"column":43}},{"start":{"line":35,"column":46},"end":{"line":35,"column":67}}],"line":35},"3":{"loc":{"start":{"line":39,"column":13},"end":{"line":39,"column":69}},"type":"cond-expr","locations":[{"start":{"line":39,"column":21},"end":{"line":39,"column":40}},{"start":{"line":39,"column":43},"end":{"line":39,"column":69}}],"line":39},"4":{"loc":{"start":{"line":42,"column":13},"end":{"line":42,"column":75}},"type":"cond-expr","locations":[{"start":{"line":42,"column":21},"end":{"line":42,"column":43}},{"start":{"line":42,"column":46},"end":{"line":42,"column":75}}],"line":42},"5":{"loc":{"start":{"line":46,"column":7},"end":{"line":46,"column":51}},"type":"cond-expr","locations":[{"start":{"line":46,"column":27},"end":{"line":46,"column":44}},{"start":{"line":46,"column":47},"end":{"line":46,"column":51}}],"line":46}},"s":{"0":2,"1":14,"2":2,"3":2,"4":2,"5":2,"6":2},"f":{"0":14},"b":{"0":[1],"1":[10,4],"2":[10,4],"3":[10,4],"4":[10,4],"5":[10,4]},"_coverageSchema":"1a1c01bbd47fc00a2c39e90264f33305004495a9","hash":"80f8432077681703fe3ccab33a069d9f3ccd8152"}
,"E:\\Local-Bc8\\src\\components\\molecules\\SearchTab\\index.tsx": {"path":"E:\\Local-Bc8\\src\\components\\molecules\\SearchTab\\index.tsx","statementMap":{"0":{"start":{"line":11,"column":25},"end":{"line":64,"column":1}},"1":{"start":{"line":12,"column":19},"end":{"line":12,"column":24}},"2":{"start":{"line":13,"column":35},"end":{"line":13,"column":56}},"3":{"start":{"line":14,"column":35},"end":{"line":14,"column":56}},"4":{"start":{"line":16,"column":2},"end":{"line":63,"column":4}},"5":{"start":{"line":30,"column":20},"end":{"line":30,"column":36}},"6":{"start":{"line":39,"column":20},"end":{"line":39,"column":36}},"7":{"start":{"line":49,"column":18},"end":{"line":49,"column":34}}},"fnMap":{"0":{"name":"(anonymous_0)","decl":{"start":{"line":11,"column":25},"end":{"line":11,"column":26}},"loc":{"start":{"line":11,"column":49},"end":{"line":64,"column":1}},"line":11},"1":{"name":"(anonymous_1)","decl":{"start":{"line":29,"column":27},"end":{"line":29,"column":28}},"loc":{"start":{"line":29,"column":33},"end":{"line":31,"column":19}},"line":29},"2":{"name":"(anonymous_2)","decl":{"start":{"line":38,"column":27},"end":{"line":38,"column":28}},"loc":{"start":{"line":38,"column":33},"end":{"line":40,"column":19}},"line":38},"3":{"name":"(anonymous_3)","decl":{"start":{"line":48,"column":25},"end":{"line":48,"column":26}},"loc":{"start":{"line":48,"column":31},"end":{"line":50,"column":17}},"line":48}},"branchMap":{"0":{"loc":{"start":{"line":25,"column":13},"end":{"line":58,"column":13}},"type":"cond-expr","locations":[{"start":{"line":26,"column":14},"end":{"line":44,"column":22}},{"start":{"line":46,"column":14},"end":{"line":57,"column":27}}],"line":25}},"s":{"0":1,"1":7,"2":6,"3":6,"4":6,"5":0,"6":0,"7":1},"f":{"0":7,"1":0,"2":0,"3":1},"b":{"0":[0,6]},"_coverageSchema":"1a1c01bbd47fc00a2c39e90264f33305004495a9","hash":"336f71ad22d9ef0d65b183eb55bfb98ba03cd948"}
,"E:\\Local-Bc8\\src\\components\\molecules\\TradeTab\\index.tsx": {"path":"E:\\Local-Bc8\\src\\components\\molecules\\TradeTab\\index.tsx","statementMap":{"0":{"start":{"line":22,"column":36},"end":{"line":81,"column":1}},"1":{"start":{"line":23,"column":17},"end":{"line":23,"column":34}},"2":{"start":{"line":25,"column":23},"end":{"line":27,"column":3}},"3":{"start":{"line":26,"column":4},"end":{"line":26,"column":53}},"4":{"start":{"line":29,"column":2},"end":{"line":80,"column":4}},"5":{"start":{"line":70,"column":25},"end":{"line":70,"column":53}},"6":{"start":{"line":83,"column":19},"end":{"line":88,"column":2}},"7":{"start":{"line":90,"column":23},"end":{"line":95,"column":2}},"8":{"start":{"line":96,"column":24},"end":{"line":101,"column":2}}},"fnMap":{"0":{"name":"(anonymous_0)","decl":{"start":{"line":22,"column":36},"end":{"line":22,"column":37}},"loc":{"start":{"line":22,"column":47},"end":{"line":81,"column":1}},"line":22},"1":{"name":"(anonymous_1)","decl":{"start":{"line":25,"column":23},"end":{"line":25,"column":24}},"loc":{"start":{"line":25,"column":43},"end":{"line":27,"column":3}},"line":25},"2":{"name":"(anonymous_2)","decl":{"start":{"line":70,"column":19},"end":{"line":70,"column":20}},"loc":{"start":{"line":70,"column":25},"end":{"line":70,"column":53}},"line":70}},"branchMap":{"0":{"loc":{"start":{"line":23,"column":17},"end":{"line":23,"column":34}},"type":"binary-expr","locations":[{"start":{"line":23,"column":17},"end":{"line":23,"column":29}},{"start":{"line":23,"column":33},"end":{"line":23,"column":34}}],"line":23},"1":{"loc":{"start":{"line":26,"column":11},"end":{"line":26,"column":52}},"type":"cond-expr","locations":[{"start":{"line":26,"column":24},"end":{"line":26,"column":37}},{"start":{"line":26,"column":40},"end":{"line":26,"column":52}}],"line":26},"2":{"loc":{"start":{"line":51,"column":14},"end":{"line":53,"column":49}},"type":"cond-expr","locations":[{"start":{"line":52,"column":18},"end":{"line":52,"column":51}},{"start":{"line":53,"column":18},"end":{"line":53,"column":49}}],"line":51},"3":{"loc":{"start":{"line":72,"column":11},"end":{"line":76,"column":11}},"type":"cond-expr","locations":[{"start":{"line":73,"column":12},"end":{"line":73,"column":56}},{"start":{"line":75,"column":12},"end":{"line":75,"column":59}}],"line":72}},"s":{"0":1,"1":8,"2":7,"3":7,"4":7,"5":1,"6":1,"7":1,"8":1},"f":{"0":8,"1":7,"2":1},"b":{"0":[8,1],"1":[5,2],"2":[5,2],"3":[1,6]},"_coverageSchema":"1a1c01bbd47fc00a2c39e90264f33305004495a9","hash":"09c3045a57df17bbd848c27631c654a2c17113a5"}
,"E:\\Local-Bc8\\src\\components\\molecules\\card\\index.tsx": {"path":"E:\\Local-Bc8\\src\\components\\molecules\\card\\index.tsx","statementMap":{"0":{"start":{"line":22,"column":13},"end":{"line":54,"column":1}},"1":{"start":{"line":23,"column":2},"end":{"line":53,"column":4}}},"fnMap":{"0":{"name":"(anonymous_0)","decl":{"start":{"line":22,"column":13},"end":{"line":22,"column":14}},"loc":{"start":{"line":22,"column":35},"end":{"line":54,"column":1}},"line":22}},"branchMap":{},"s":{"0":1,"1":5},"f":{"0":5},"b":{},"_coverageSchema":"1a1c01bbd47fc00a2c39e90264f33305004495a9","hash":"220879cebadc3712be310286213f2ee957adc201"}
,"E:\\Local-Bc8\\src\\components\\molecules\\currencyType\\index.tsx": {"path":"E:\\Local-Bc8\\src\\components\\molecules\\currencyType\\index.tsx","statementMap":{"0":{"start":{"line":21,"column":13},"end":{"line":99,"column":1}},"1":{"start":{"line":22,"column":2},"end":{"line":98,"column":4}}},"fnMap":{"0":{"name":"(anonymous_0)","decl":{"start":{"line":21,"column":13},"end":{"line":21,"column":14}},"loc":{"start":{"line":21,"column":35},"end":{"line":99,"column":1}},"line":21}},"branchMap":{"0":{"loc":{"start":{"line":26,"column":11},"end":{"line":30,"column":11}},"type":"cond-expr","locations":[{"start":{"line":27,"column":14},"end":{"line":27,"column":59}},{"start":{"line":29,"column":12},"end":{"line":29,"column":14}}],"line":26},"1":{"loc":{"start":{"line":58,"column":24},"end":{"line":60,"column":125}},"type":"cond-expr","locations":[{"start":{"line":59,"column":28},"end":{"line":59,"column":43}},{"start":{"line":60,"column":28},"end":{"line":60,"column":125}}],"line":58},"2":{"loc":{"start":{"line":60,"column":28},"end":{"line":60,"column":125}},"type":"cond-expr","locations":[{"start":{"line":60,"column":49},"end":{"line":60,"column":85}},{"start":{"line":60,"column":87},"end":{"line":60,"column":125}}],"line":60},"3":{"loc":{"start":{"line":63,"column":33},"end":{"line":63,"column":69}},"type":"cond-expr","locations":[{"start":{"line":63,"column":52},"end":{"line":63,"column":61}},{"start":{"line":63,"column":64},"end":{"line":63,"column":69}}],"line":63},"4":{"loc":{"start":{"line":64,"column":41},"end":{"line":66,"column":35}},"type":"cond-expr","locations":[{"start":{"line":65,"column":28},"end":{"line":65,"column":41}},{"start":{"line":66,"column":28},"end":{"line":66,"column":35}}],"line":64},"5":{"loc":{"start":{"line":67,"column":38},"end":{"line":67,"column":72}},"type":"cond-expr","locations":[{"start":{"line":67,"column":57},"end":{"line":67,"column":64}},{"start":{"line":67,"column":67},"end":{"line":67,"column":72}}],"line":67},"6":{"loc":{"start":{"line":74,"column":19},"end":{"line":90,"column":19}},"type":"cond-expr","locations":[{"start":{"line":75,"column":20},"end":{"line":87,"column":27}},{"start":{"line":89,"column":20},"end":{"line":89,"column":22}}],"line":74}},"s":{"0":3,"1":16},"f":{"0":16},"b":{"0":[2,14],"1":[1,15],"2":[2,13],"3":[1,15],"4":[1,15],"5":[1,15],"6":[2,14]},"_coverageSchema":"1a1c01bbd47fc00a2c39e90264f33305004495a9","hash":"45ab6084e92561f32c75cf4a3215216aafb813f1"}
,"E:\\Local-Bc8\\src\\components\\molecules\\currencyValue\\index.tsx": {"path":"E:\\Local-Bc8\\src\\components\\molecules\\currencyValue\\index.tsx","statementMap":{"0":{"start":{"line":12,"column":14},"end":{"line":37,"column":1}},"1":{"start":{"line":13,"column":2},"end":{"line":36,"column":4}}},"fnMap":{"0":{"name":"(anonymous_0)","decl":{"start":{"line":12,"column":14},"end":{"line":12,"column":15}},"loc":{"start":{"line":12,"column":37},"end":{"line":37,"column":1}},"line":12}},"branchMap":{"0":{"loc":{"start":{"line":23,"column":11},"end":{"line":32,"column":11}},"type":"cond-expr","locations":[{"start":{"line":24,"column":12},"end":{"line":24,"column":14}},{"start":{"line":26,"column":12},"end":{"line":31,"column":25}}],"line":23}},"s":{"0":2,"1":9},"f":{"0":9},"b":{"0":[1,8]},"_coverageSchema":"1a1c01bbd47fc00a2c39e90264f33305004495a9","hash":"19591ad9579e662b36ce5243977c02a9fc6df6c2"}
,"E:\\Local-Bc8\\src\\components\\organisms\\BuyOrSellSummary\\index.tsx": {"path":"E:\\Local-Bc8\\src\\components\\organisms\\BuyOrSellSummary\\index.tsx","statementMap":{"0":{"start":{"line":36,"column":48},"end":{"line":200,"column":1}},"1":{"start":{"line":37,"column":46},"end":{"line":37,"column":66}},"2":{"start":{"line":38,"column":40},"end":{"line":46,"column":4}},"3":{"start":{"line":47,"column":32},"end":{"line":47,"column":55}},"4":{"start":{"line":48,"column":28},"end":{"line":48,"column":57}},"5":{"start":{"line":50,"column":2},"end":{"line":80,"column":9}},"6":{"start":{"line":51,"column":33},"end":{"line":63,"column":5}},"7":{"start":{"line":52,"column":6},"end":{"line":62,"column":11}},"8":{"start":{"line":55,"column":10},"end":{"line":55,"column":31}},"9":{"start":{"line":56,"column":10},"end":{"line":56,"column":38}},"10":{"start":{"line":59,"column":10},"end":{"line":59,"column":31}},"11":{"start":{"line":60,"column":10},"end":{"line":60,"column":43}},"12":{"start":{"line":61,"column":10},"end":{"line":61,"column":35}},"13":{"start":{"line":64,"column":26},"end":{"line":76,"column":5}},"14":{"start":{"line":65,"column":6},"end":{"line":75,"column":11}},"15":{"start":{"line":68,"column":10},"end":{"line":68,"column":31}},"16":{"start":{"line":69,"column":10},"end":{"line":69,"column":35}},"17":{"start":{"line":72,"column":10},"end":{"line":72,"column":31}},"18":{"start":{"line":73,"column":10},"end":{"line":73,"column":43}},"19":{"start":{"line":74,"column":10},"end":{"line":74,"column":35}},"20":{"start":{"line":77,"column":4},"end":{"line":77,"column":27}},"21":{"start":{"line":78,"column":4},"end":{"line":78,"column":20}},"22":{"start":{"line":82,"column":20},"end":{"line":84,"column":3}},"23":{"start":{"line":83,"column":4},"end":{"line":83,"column":17}},"24":{"start":{"line":86,"column":2},"end":{"line":199,"column":4}},"25":{"start":{"line":126,"column":14},"end":{"line":126,"column":72}},"26":{"start":{"line":190,"column":16},"end":{"line":190,"column":78}},"27":{"start":{"line":202,"column":16},"end":{"line":206,"column":2}},"28":{"start":{"line":207,"column":17},"end":{"line":211,"column":2}},"29":{"start":{"line":212,"column":16},"end":{"line":217,"column":2}},"30":{"start":{"line":219,"column":16},"end":{"line":221,"column":2}},"31":{"start":{"line":222,"column":17},"end":{"line":224,"column":2}}},"fnMap":{"0":{"name":"(anonymous_0)","decl":{"start":{"line":36,"column":48},"end":{"line":36,"column":49}},"loc":{"start":{"line":36,"column":70},"end":{"line":200,"column":1}},"line":36},"1":{"name":"(anonymous_1)","decl":{"start":{"line":50,"column":12},"end":{"line":50,"column":13}},"loc":{"start":{"line":50,"column":18},"end":{"line":80,"column":3}},"line":50},"2":{"name":"(anonymous_2)","decl":{"start":{"line":51,"column":33},"end":{"line":51,"column":34}},"loc":{"start":{"line":51,"column":45},"end":{"line":63,"column":5}},"line":51},"3":{"name":"(anonymous_3)","decl":{"start":{"line":54,"column":14},"end":{"line":54,"column":15}},"loc":{"start":{"line":54,"column":23},"end":{"line":57,"column":9}},"line":54},"4":{"name":"(anonymous_4)","decl":{"start":{"line":58,"column":15},"end":{"line":58,"column":16}},"loc":{"start":{"line":58,"column":24},"end":{"line":62,"column":9}},"line":58},"5":{"name":"(anonymous_5)","decl":{"start":{"line":64,"column":26},"end":{"line":64,"column":27}},"loc":{"start":{"line":64,"column":38},"end":{"line":76,"column":5}},"line":64},"6":{"name":"(anonymous_6)","decl":{"start":{"line":67,"column":14},"end":{"line":67,"column":15}},"loc":{"start":{"line":67,"column":23},"end":{"line":70,"column":9}},"line":67},"7":{"name":"(anonymous_7)","decl":{"start":{"line":71,"column":15},"end":{"line":71,"column":16}},"loc":{"start":{"line":71,"column":24},"end":{"line":75,"column":9}},"line":71},"8":{"name":"(anonymous_8)","decl":{"start":{"line":82,"column":20},"end":{"line":82,"column":21}},"loc":{"start":{"line":82,"column":46},"end":{"line":84,"column":3}},"line":82},"9":{"name":"(anonymous_9)","decl":{"start":{"line":125,"column":32},"end":{"line":125,"column":33}},"loc":{"start":{"line":126,"column":14},"end":{"line":126,"column":72}},"line":126},"10":{"name":"(anonymous_10)","decl":{"start":{"line":189,"column":23},"end":{"line":189,"column":24}},"loc":{"start":{"line":189,"column":29},"end":{"line":191,"column":15}},"line":189}},"branchMap":{"0":{"loc":{"start":{"line":36,"column":51},"end":{"line":36,"column":63}},"type":"default-arg","locations":[{"start":{"line":36,"column":59},"end":{"line":36,"column":63}}],"line":36},"1":{"loc":{"start":{"line":86,"column":9},"end":{"line":199,"column":3}},"type":"cond-expr","locations":[{"start":{"line":87,"column":4},"end":{"line":87,"column":23}},{"start":{"line":89,"column":4},"end":{"line":198,"column":7}}],"line":86},"2":{"loc":{"start":{"line":108,"column":25},"end":{"line":108,"column":53}},"type":"cond-expr","locations":[{"start":{"line":108,"column":33},"end":{"line":108,"column":41}},{"start":{"line":108,"column":44},"end":{"line":108,"column":53}}],"line":108},"3":{"loc":{"start":{"line":178,"column":33},"end":{"line":180,"column":53}},"type":"cond-expr","locations":[{"start":{"line":179,"column":20},"end":{"line":179,"column":52}},{"start":{"line":180,"column":20},"end":{"line":180,"column":53}}],"line":178},"4":{"loc":{"start":{"line":182,"column":35},"end":{"line":184,"column":55}},"type":"cond-expr","locations":[{"start":{"line":183,"column":22},"end":{"line":183,"column":54}},{"start":{"line":184,"column":22},"end":{"line":184,"column":55}}],"line":182},"5":{"loc":{"start":{"line":190,"column":16},"end":{"line":190,"column":77}},"type":"cond-expr","locations":[{"start":{"line":190,"column":24},"end":{"line":190,"column":50}},{"start":{"line":190,"column":53},"end":{"line":190,"column":77}}],"line":190},"6":{"loc":{"start":{"line":193,"column":15},"end":{"line":193,"column":45}},"type":"cond-expr","locations":[{"start":{"line":193,"column":23},"end":{"line":193,"column":32}},{"start":{"line":193,"column":35},"end":{"line":193,"column":45}}],"line":193}},"s":{"0":1,"1":11,"2":11,"3":11,"4":11,"5":11,"6":6,"7":6,"8":5,"9":5,"10":1,"11":1,"12":1,"13":6,"14":6,"15":5,"16":5,"17":1,"18":1,"19":1,"20":6,"21":6,"22":11,"23":5,"24":11,"25":12,"26":2,"27":1,"28":1,"29":1,"30":1,"31":1},"f":{"0":11,"1":6,"2":6,"3":5,"4":1,"5":6,"6":5,"7":1,"8":5,"9":12,"10":2},"b":{"0":[9],"1":[6,5],"2":[4,1],"3":[4,1],"4":[4,1],"5":[1,1],"6":[4,1]},"_coverageSchema":"1a1c01bbd47fc00a2c39e90264f33305004495a9","hash":"108243f4e01a157830a7efe3671a3f4e6874cebc"}
,"E:\\Local-Bc8\\src\\components\\organisms\\Footer\\index.tsx": {"path":"E:\\Local-Bc8\\src\\components\\organisms\\Footer\\index.tsx","statementMap":{"0":{"start":{"line":9,"column":19},"end":{"line":60,"column":1}},"1":{"start":{"line":10,"column":2},"end":{"line":59,"column":4}},"2":{"start":{"line":43,"column":29},"end":{"line":43,"column":43}},"3":{"start":{"line":62,"column":19},"end":{"line":66,"column":2}},"4":{"start":{"line":68,"column":25},"end":{"line":70,"column":2}}},"fnMap":{"0":{"name":"(anonymous_0)","decl":{"start":{"line":9,"column":19},"end":{"line":9,"column":20}},"loc":{"start":{"line":9,"column":25},"end":{"line":60,"column":1}},"line":9},"1":{"name":"(anonymous_1)","decl":{"start":{"line":43,"column":22},"end":{"line":43,"column":23}},"loc":{"start":{"line":43,"column":29},"end":{"line":43,"column":43}},"line":43}},"branchMap":{},"s":{"0":1,"1":3,"2":1,"3":1,"4":1},"f":{"0":3,"1":1},"b":{},"_coverageSchema":"1a1c01bbd47fc00a2c39e90264f33305004495a9","hash":"e2bca8c30839a0251124365c7e1591138b3201ec"}
,"E:\\Local-Bc8\\src\\components\\organisms\\Header\\index.tsx": {"path":"E:\\Local-Bc8\\src\\components\\organisms\\Header\\index.tsx","statementMap":{"0":{"start":{"line":15,"column":19},"end":{"line":28,"column":2}},"1":{"start":{"line":30,"column":24},"end":{"line":40,"column":2}},"2":{"start":{"line":42,"column":18},"end":{"line":49,"column":2}},"3":{"start":{"line":51,"column":22},"end":{"line":51,"column":37}},"4":{"start":{"line":53,"column":20},"end":{"line":56,"column":1}},"5":{"start":{"line":55,"column":2},"end":{"line":55,"column":52}},"6":{"start":{"line":58,"column":38},"end":{"line":110,"column":1}},"7":{"start":{"line":59,"column":2},"end":{"line":109,"column":4}},"8":{"start":{"line":71,"column":14},"end":{"line":97,"column":23}}},"fnMap":{"0":{"name":"(anonymous_0)","decl":{"start":{"line":53,"column":20},"end":{"line":53,"column":21}},"loc":{"start":{"line":53,"column":26},"end":{"line":56,"column":1}},"line":53},"1":{"name":"(anonymous_1)","decl":{"start":{"line":58,"column":38},"end":{"line":58,"column":39}},"loc":{"start":{"line":58,"column":56},"end":{"line":110,"column":1}},"line":58},"2":{"name":"(anonymous_2)","decl":{"start":{"line":70,"column":31},"end":{"line":70,"column":32}},"loc":{"start":{"line":71,"column":14},"end":{"line":97,"column":23}},"line":71}},"branchMap":{"0":{"loc":{"start":{"line":68,"column":9},"end":{"line":100,"column":9}},"type":"binary-expr","locations":[{"start":{"line":68,"column":9},"end":{"line":68,"column":26}},{"start":{"line":69,"column":10},"end":{"line":99,"column":22}}],"line":68},"1":{"loc":{"start":{"line":85,"column":22},"end":{"line":87,"column":58}},"type":"cond-expr","locations":[{"start":{"line":86,"column":26},"end":{"line":86,"column":59}},{"start":{"line":87,"column":26},"end":{"line":87,"column":58}}],"line":85},"2":{"loc":{"start":{"line":90,"column":20},"end":{"line":92,"column":56}},"type":"cond-expr","locations":[{"start":{"line":91,"column":24},"end":{"line":91,"column":57}},{"start":{"line":92,"column":24},"end":{"line":92,"column":56}}],"line":90}},"s":{"0":1,"1":1,"2":1,"3":1,"4":1,"5":1,"6":1,"7":5,"8":8},"f":{"0":1,"1":5,"2":8},"b":{"0":[5,4],"1":[4,4],"2":[4,4]},"_coverageSchema":"1a1c01bbd47fc00a2c39e90264f33305004495a9","hash":"0ee2f3ef9cefe028cc4e1446616be9a5d0ba0dee"}
,"E:\\Local-Bc8\\src\\components\\organisms\\NavBar\\index.tsx": {"path":"E:\\Local-Bc8\\src\\components\\organisms\\NavBar\\index.tsx","statementMap":{"0":{"start":{"line":9,"column":20},"end":{"line":16,"column":2}},"1":{"start":{"line":18,"column":23},"end":{"line":27,"column":2}},"2":{"start":{"line":19,"column":2},"end":{"line":19,"column":62}},"3":{"start":{"line":40,"column":19},"end":{"line":65,"column":1}},"4":{"start":{"line":41,"column":36},"end":{"line":41,"column":67}},"5":{"start":{"line":42,"column":22},"end":{"line":45,"column":3}},"6":{"start":{"line":43,"column":4},"end":{"line":43,"column":38}},"7":{"start":{"line":44,"column":4},"end":{"line":44,"column":26}},"8":{"start":{"line":47,"column":2},"end":{"line":64,"column":4}},"9":{"start":{"line":50,"column":8},"end":{"line":61,"column":25}},"10":{"start":{"line":51,"column":37},"end":{"line":51,"column":54}}},"fnMap":{"0":{"name":"(anonymous_0)","decl":{"start":{"line":18,"column":30},"end":{"line":18,"column":31}},"loc":{"start":{"line":19,"column":2},"end":{"line":19,"column":62}},"line":19},"1":{"name":"(anonymous_1)","decl":{"start":{"line":40,"column":19},"end":{"line":40,"column":20}},"loc":{"start":{"line":40,"column":25},"end":{"line":65,"column":1}},"line":40},"2":{"name":"(anonymous_2)","decl":{"start":{"line":42,"column":22},"end":{"line":42,"column":23}},"loc":{"start":{"line":42,"column":44},"end":{"line":45,"column":3}},"line":42},"3":{"name":"(anonymous_3)","decl":{"start":{"line":49,"column":23},"end":{"line":49,"column":24}},"loc":{"start":{"line":50,"column":8},"end":{"line":61,"column":25}},"line":50},"4":{"name":"(anonymous_4)","decl":{"start":{"line":51,"column":31},"end":{"line":51,"column":32}},"loc":{"start":{"line":51,"column":37},"end":{"line":51,"column":54}},"line":51}},"branchMap":{"0":{"loc":{"start":{"line":53,"column":19},"end":{"line":53,"column":68}},"type":"cond-expr","locations":[{"start":{"line":53,"column":43},"end":{"line":53,"column":57}},{"start":{"line":53,"column":60},"end":{"line":53,"column":68}}],"line":53}},"s":{"0":1,"1":1,"2":48,"3":1,"4":8,"5":8,"6":6,"7":6,"8":8,"9":48,"10":6},"f":{"0":48,"1":8,"2":6,"3":48,"4":6},"b":{"0":[8,40]},"_coverageSchema":"1a1c01bbd47fc00a2c39e90264f33305004495a9","hash":"fcb0cdcf5d1e5619d326f9180280998e30b24a5a"}
,"E:\\Local-Bc8\\src\\mocks\\handler.ts": {"path":"E:\\Local-Bc8\\src\\mocks\\handler.ts","statementMap":{"0":{"start":{"line":4,"column":24},"end":{"line":13,"column":1}},"1":{"start":{"line":6,"column":4},"end":{"line":6,"column":37}},"2":{"start":{"line":7,"column":4},"end":{"line":7,"column":63}},"3":{"start":{"line":10,"column":4},"end":{"line":10,"column":34}},"4":{"start":{"line":11,"column":4},"end":{"line":11,"column":60}}},"fnMap":{"0":{"name":"(anonymous_0)","decl":{"start":{"line":5,"column":51},"end":{"line":5,"column":52}},"loc":{"start":{"line":5,"column":70},"end":{"line":8,"column":3}},"line":5},"1":{"name":"(anonymous_1)","decl":{"start":{"line":9,"column":47},"end":{"line":9,"column":48}},"loc":{"start":{"line":9,"column":66},"end":{"line":12,"column":3}},"line":9}},"branchMap":{},"s":{"0":24,"1":5,"2":5,"3":5,"4":5},"f":{"0":5,"1":5},"b":{},"_coverageSchema":"1a1c01bbd47fc00a2c39e90264f33305004495a9","hash":"8fd7987dc4eb03963e8cddeff485c5d56751761c"}
,"E:\\Local-Bc8\\src\\mocks\\server.ts": {"path":"E:\\Local-Bc8\\src\\mocks\\server.ts","statementMap":{"0":{"start":{"line":4,"column":22},"end":{"line":4,"column":46}}},"fnMap":{},"branchMap":{},"s":{"0":24},"f":{},"b":{},"_coverageSchema":"1a1c01bbd47fc00a2c39e90264f33305004495a9","hash":"9abfe750ee1c70bd1c57c2e31fd2edfea2885b30"}
,"E:\\Local-Bc8\\src\\themes\\index.tsx": {"path":"E:\\Local-Bc8\\src\\themes\\index.tsx","statementMap":{"0":{"start":{"line":91,"column":21},"end":{"line":210,"column":2}}},"fnMap":{},"branchMap":{},"s":{"0":16},"f":{},"b":{},"_coverageSchema":"1a1c01bbd47fc00a2c39e90264f33305004495a9","hash":"e15785ff6a0922b8ba4321b1ce628334130e2239"}
}
