TN:
SF:src\components\atoms\Avatar\index.tsx
FN:19,(anonymous_0)
FNF:1
FNH:1
FNDA:27,(anonymous_0)
DA:13,6
DA:14,6
DA:15,6
DA:16,6
DA:17,6
DA:19,6
DA:20,27
LF:7
LH:7
BRDA:19,0,0,3
BRF:1
BRH:1
end_of_record
TN:
SF:src\components\atoms\Button\index.tsx
FN:4,(anonymous_0)
FNF:1
FNH:1
FNDA:18,(anonymous_0)
DA:4,4
DA:12,18
LF:2
LH:2
BRF:0
BRH:0
end_of_record
TN:
SF:src\components\atoms\Chip\index.tsx
FN:12,(anonymous_0)
FNF:1
FNH:1
FNDA:3,(anonymous_0)
DA:12,1
DA:13,3
DA:18,3
LF:3
LH:3
BRF:0
BRH:0
end_of_record
TN:
SF:src\components\atoms\DropDown\index.tsx
FN:12,(anonymous_0)
FN:20,(anonymous_1)
FN:34,(anonymous_2)
FNF:3
FNH:3
FNDA:5,(anonymous_0)
FNDA:2,(anonymous_1)
FNDA:19,(anonymous_2)
DA:12,2
DA:20,5
DA:21,2
DA:24,5
DA:35,19
LF:5
LH:5
BRF:0
BRH:0
end_of_record
TN:
SF:src\components\atoms\Icon\index.tsx
FN:9,(anonymous_0)
FNF:1
FNH:1
FNDA:103,(anonymous_0)
DA:9,12
DA:10,103
LF:2
LH:2
BRF:0
BRH:0
end_of_record
TN:
SF:src\components\atoms\Slider\index.tsx
FN:20,(anonymous_0)
FNF:1
FNH:1
FNDA:2,(anonymous_0)
DA:6,1
DA:20,1
DA:28,2
LF:3
LH:3
BRDA:21,0,0,2
BRDA:22,1,0,2
BRF:2
BRH:2
end_of_record
TN:
SF:src\components\atoms\Tabs\index.tsx
FN:15,(anonymous_0)
FN:18,(anonymous_1)
FN:25,(anonymous_2)
FN:29,(anonymous_3)
FNF:4
FNH:4
FNDA:4,(anonymous_0)
FNDA:1,(anonymous_1)
FNDA:16,(anonymous_2)
FNDA:16,(anonymous_3)
DA:15,1
DA:16,4
DA:18,4
DA:19,1
DA:22,4
DA:26,16
DA:30,16
LF:7
LH:7
BRDA:37,0,0,16
BRDA:37,0,1,4
BRF:2
BRH:2
end_of_record
TN:
SF:src\components\atoms\Typography\index.tsx
FN:29,(anonymous_0)
FNF:1
FNH:1
FNDA:207,(anonymous_0)
DA:29,13
DA:36,207
LF:2
LH:2
BRF:0
BRH:0
end_of_record
TN:
SF:src\components\atoms\inputfield\index.tsx
FN:19,(anonymous_0)
FNF:1
FNH:1
FNDA:10,(anonymous_0)
DA:19,2
DA:22,10
DA:23,9
LF:3
LH:3
BRDA:22,0,0,3
BRF:1
BRH:1
end_of_record
TN:
SF:src\components\molecules\AccountDropdown\index.tsx
FN:24,(anonymous_0)
FNF:1
FNH:1
FNDA:8,(anonymous_0)
DA:13,2
DA:24,2
DA:25,8
LF:3
LH:3
BRF:0
BRH:0
end_of_record
TN:
SF:src\components\molecules\ColumnHeader\index.tsx
FN:8,(anonymous_0)
FNF:1
FNH:1
FNDA:2,(anonymous_0)
DA:8,1
DA:9,2
DA:33,1
DA:40,1
LF:4
LH:4
BRF:0
BRH:0
end_of_record
TN:
SF:src\components\molecules\CryptoCard\index.tsx
FN:16,(anonymous_0)
FN:19,(anonymous_1)
FNF:2
FNH:2
FNDA:4,(anonymous_0)
FNDA:1,(anonymous_1)
DA:16,1
DA:17,4
DA:19,4
DA:20,1
DA:23,4
DA:25,4
DA:39,4
LF:7
LH:7
BRDA:23,0,0,1
BRDA:23,0,1,3
BRDA:42,1,0,4
BRDA:42,1,1,1
BRF:4
BRH:4
end_of_record
TN:
SF:src\components\molecules\Date\index.tsx
FN:11,(anonymous_0)
FNF:1
FNH:1
FNDA:2,(anonymous_0)
DA:11,3
DA:12,2
LF:2
LH:2
BRF:0
BRH:0
end_of_record
TN:
SF:src\components\molecules\Dropdown-delivery\index.tsx
FN:19,(anonymous_0)
FN:21,(anonymous_1)
FN:33,(anonymous_2)
FN:83,(anonymous_3)
FNF:4
FNH:3
FNDA:1,(anonymous_0)
FNDA:0,(anonymous_1)
FNDA:3,(anonymous_2)
FNDA:4,(anonymous_3)
DA:19,1
DA:20,1
DA:21,1
DA:22,0
DA:25,1
DA:34,3
DA:84,4
LF:7
LH:6
BRF:0
BRH:0
end_of_record
TN:
SF:src\components\molecules\PaymentCards\index.tsx
FN:19,(anonymous_0)
FN:23,(anonymous_1)
FNF:2
FNH:2
FNDA:2,(anonymous_0)
FNDA:4,(anonymous_1)
DA:19,1
DA:20,2
DA:24,4
LF:3
LH:3
BRF:0
BRH:0
end_of_record
TN:
SF:src\components\molecules\ProductTracker\index.tsx
FN:24,(anonymous_0)
FNF:1
FNH:1
FNDA:14,(anonymous_0)
DA:24,2
DA:28,14
DA:51,2
DA:55,2
DA:62,2
DA:67,2
DA:70,2
LF:7
LH:7
BRDA:25,0,0,1
BRDA:33,1,0,10
BRDA:33,1,1,4
BRDA:35,2,0,10
BRDA:35,2,1,4
BRDA:39,3,0,10
BRDA:39,3,1,4
BRDA:42,4,0,10
BRDA:42,4,1,4
BRDA:46,5,0,10
BRDA:46,5,1,4
BRF:11
BRH:11
end_of_record
TN:
SF:src\components\molecules\SearchTab\index.tsx
FN:11,(anonymous_0)
FN:29,(anonymous_1)
FN:38,(anonymous_2)
FN:48,(anonymous_3)
FNF:4
FNH:2
FNDA:7,(anonymous_0)
FNDA:0,(anonymous_1)
FNDA:0,(anonymous_2)
FNDA:1,(anonymous_3)
DA:11,1
DA:12,7
DA:13,6
DA:14,6
DA:16,6
DA:30,0
DA:39,0
DA:49,1
LF:8
LH:6
BRDA:25,0,0,0
BRDA:25,0,1,6
BRF:2
BRH:1
end_of_record
TN:
SF:src\components\molecules\TradeTab\index.tsx
FN:22,(anonymous_0)
FN:25,(anonymous_1)
FN:70,(anonymous_2)
FNF:3
FNH:3
FNDA:8,(anonymous_0)
FNDA:7,(anonymous_1)
FNDA:1,(anonymous_2)
DA:22,1
DA:23,8
DA:25,7
DA:26,7
DA:29,7
DA:70,1
DA:83,1
DA:90,1
DA:96,1
LF:9
LH:9
BRDA:23,0,0,8
BRDA:23,0,1,1
BRDA:26,1,0,5
BRDA:26,1,1,2
BRDA:51,2,0,5
BRDA:51,2,1,2
BRDA:72,3,0,1
BRDA:72,3,1,6
BRF:8
BRH:8
end_of_record
TN:
SF:src\components\molecules\card\index.tsx
FN:22,(anonymous_0)
FNF:1
FNH:1
FNDA:5,(anonymous_0)
DA:22,1
DA:23,5
LF:2
LH:2
BRF:0
BRH:0
end_of_record
TN:
SF:src\components\molecules\currencyType\index.tsx
FN:21,(anonymous_0)
FNF:1
FNH:1
FNDA:16,(anonymous_0)
DA:21,3
DA:22,16
LF:2
LH:2
BRDA:26,0,0,2
BRDA:26,0,1,14
BRDA:58,1,0,1
BRDA:58,1,1,15
BRDA:60,2,0,2
BRDA:60,2,1,13
BRDA:63,3,0,1
BRDA:63,3,1,15
BRDA:64,4,0,1
BRDA:64,4,1,15
BRDA:67,5,0,1
BRDA:67,5,1,15
BRDA:74,6,0,2
BRDA:74,6,1,14
BRF:14
BRH:14
end_of_record
TN:
SF:src\components\molecules\currencyValue\index.tsx
FN:12,(anonymous_0)
FNF:1
FNH:1
FNDA:9,(anonymous_0)
DA:12,2
DA:13,9
LF:2
LH:2
BRDA:23,0,0,1
BRDA:23,0,1,8
BRF:2
BRH:2
end_of_record
TN:
SF:src\components\organisms\BuyOrSellSummary\index.tsx
FN:36,(anonymous_0)
FN:50,(anonymous_1)
FN:51,(anonymous_2)
FN:54,(anonymous_3)
FN:58,(anonymous_4)
FN:64,(anonymous_5)
FN:67,(anonymous_6)
FN:71,(anonymous_7)
FN:82,(anonymous_8)
FN:125,(anonymous_9)
FN:189,(anonymous_10)
FNF:11
FNH:11
FNDA:11,(anonymous_0)
FNDA:6,(anonymous_1)
FNDA:6,(anonymous_2)
FNDA:5,(anonymous_3)
FNDA:1,(anonymous_4)
FNDA:6,(anonymous_5)
FNDA:5,(anonymous_6)
FNDA:1,(anonymous_7)
FNDA:5,(anonymous_8)
FNDA:12,(anonymous_9)
FNDA:2,(anonymous_10)
DA:36,1
DA:37,11
DA:38,11
DA:47,11
DA:48,11
DA:50,11
DA:51,6
DA:52,6
DA:55,5
DA:56,5
DA:59,1
DA:60,1
DA:61,1
DA:64,6
DA:65,6
DA:68,5
DA:69,5
DA:72,1
DA:73,1
DA:74,1
DA:77,6
DA:78,6
DA:82,11
DA:83,5
DA:86,11
DA:126,12
DA:190,2
DA:202,1
DA:207,1
DA:212,1
DA:219,1
DA:222,1
LF:32
LH:32
BRDA:36,0,0,9
BRDA:86,1,0,6
BRDA:86,1,1,5
BRDA:108,2,0,4
BRDA:108,2,1,1
BRDA:178,3,0,4
BRDA:178,3,1,1
BRDA:182,4,0,4
BRDA:182,4,1,1
BRDA:190,5,0,1
BRDA:190,5,1,1
BRDA:193,6,0,4
BRDA:193,6,1,1
BRF:13
BRH:13
end_of_record
TN:
SF:src\components\organisms\Footer\index.tsx
FN:9,(anonymous_0)
FN:43,(anonymous_1)
FNF:2
FNH:2
FNDA:3,(anonymous_0)
FNDA:1,(anonymous_1)
DA:9,1
DA:10,3
DA:43,1
DA:62,1
DA:68,1
LF:5
LH:5
BRF:0
BRH:0
end_of_record
TN:
SF:src\components\organisms\Header\index.tsx
FN:53,(anonymous_0)
FN:58,(anonymous_1)
FN:70,(anonymous_2)
FNF:3
FNH:3
FNDA:1,(anonymous_0)
FNDA:5,(anonymous_1)
FNDA:8,(anonymous_2)
DA:15,1
DA:30,1
DA:42,1
DA:51,1
DA:53,1
DA:55,1
DA:58,1
DA:59,5
DA:71,8
LF:9
LH:9
BRDA:68,0,0,5
BRDA:68,0,1,4
BRDA:85,1,0,4
BRDA:85,1,1,4
BRDA:90,2,0,4
BRDA:90,2,1,4
BRF:6
BRH:6
end_of_record
TN:
SF:src\components\organisms\NavBar\index.tsx
FN:18,(anonymous_0)
FN:40,(anonymous_1)
FN:42,(anonymous_2)
FN:49,(anonymous_3)
FN:51,(anonymous_4)
FNF:5
FNH:5
FNDA:48,(anonymous_0)
FNDA:8,(anonymous_1)
FNDA:6,(anonymous_2)
FNDA:48,(anonymous_3)
FNDA:6,(anonymous_4)
DA:9,1
DA:18,1
DA:19,48
DA:40,1
DA:41,8
DA:42,8
DA:43,6
DA:44,6
DA:47,8
DA:50,48
DA:51,6
LF:11
LH:11
BRDA:53,0,0,8
BRDA:53,0,1,40
BRF:2
BRH:2
end_of_record
TN:
SF:src\mocks\handler.ts
FN:5,(anonymous_0)
FN:9,(anonymous_1)
FNF:2
FNH:2
FNDA:5,(anonymous_0)
FNDA:5,(anonymous_1)
DA:4,24
DA:6,5
DA:7,5
DA:10,5
DA:11,5
LF:5
LH:5
BRF:0
BRH:0
end_of_record
TN:
SF:src\mocks\server.ts
FNF:0
FNH:0
DA:4,24
LF:1
LH:1
BRF:0
BRH:0
end_of_record
TN:
SF:src\themes\index.tsx
FNF:0
FNH:0
DA:91,16
LF:1
LH:1
BRF:0
BRH:0
end_of_record
